0 info it worked if it ends with ok
1 verbose cli [ '/usr/bin/node', '/bin/npm', 'install', '-g', 'yarn' ]
2 info using npm@3.10.10
3 info using node@v6.17.1
4 silly loadCurrentTree Starting
5 silly install loadCurrentTree
6 silly install readGlobalPackageData
7 silly fetchPackageMetaData yarn
8 silly fetchNamedPackageData yarn
9 silly mapToRegistry name yarn
10 silly mapToRegistry using default registry
11 silly mapToRegistry registry https://registry.npmjs.org/
12 silly mapToRegistry data Result {
12 silly mapToRegistry   raw: 'yarn',
12 silly mapToRegistry   scope: null,
12 silly mapToRegistry   escapedName: 'yarn',
12 silly mapToRegistry   name: 'yarn',
12 silly mapToRegistry   rawSpec: '',
12 silly mapToRegistry   spec: 'latest',
12 silly mapToRegistry   type: 'tag' }
13 silly mapToRegistry uri https://registry.npmjs.org/yarn
14 verbose request uri https://registry.npmjs.org/yarn
15 verbose request no auth needed
16 info attempt registry request try #1 at 12:14:22 AM
17 verbose request id 320dcd0a21225960
18 verbose etag W/"c0a433191929f8e6dbb72cdbfa4931f0"
19 verbose lastModified Mon, 09 Mar 2020 16:21:11 GMT
20 http request GET https://registry.npmjs.org/yarn
21 http 304 https://registry.npmjs.org/yarn
22 verbose headers { date: 'Mon, 29 Jun 2020 22:14:23 GMT',
22 verbose headers   connection: 'keep-alive',
22 verbose headers   'set-cookie': [ '__cfduid=db9044eaf028c21ed6e7e9dafed9673191593468863; expires=Wed, 29-Jul-20 22:14:23 GMT; path=/; domain=.npmjs.org; HttpOnly; SameSite=Lax' ],
22 verbose headers   'cf-ray': '5ab3000b8d659c51-AMS',
22 verbose headers   age: '5630',
22 verbose headers   'cache-control': 'public, max-age=300',
22 verbose headers   etag: '"c0a433191929f8e6dbb72cdbfa4931f0"',
22 verbose headers   'last-modified': 'Mon, 09 Mar 2020 16:21:11 GMT',
22 verbose headers   vary: 'Accept-Encoding',
22 verbose headers   'cf-cache-status': 'HIT',
22 verbose headers   'cf-request-id': '03a3be5b3700009c5153169200000001',
22 verbose headers   'expect-ct': 'max-age=604800, report-uri="https://report-uri.cloudflare.com/cdn-cgi/beacon/expect-ct"',
22 verbose headers   server: 'cloudflare' }
23 silly get cb [ 304,
23 silly get   { date: 'Mon, 29 Jun 2020 22:14:23 GMT',
23 silly get     connection: 'keep-alive',
23 silly get     'set-cookie': [ '__cfduid=db9044eaf028c21ed6e7e9dafed9673191593468863; expires=Wed, 29-Jul-20 22:14:23 GMT; path=/; domain=.npmjs.org; HttpOnly; SameSite=Lax' ],
23 silly get     'cf-ray': '5ab3000b8d659c51-AMS',
23 silly get     age: '5630',
23 silly get     'cache-control': 'public, max-age=300',
23 silly get     etag: '"c0a433191929f8e6dbb72cdbfa4931f0"',
23 silly get     'last-modified': 'Mon, 09 Mar 2020 16:21:11 GMT',
23 silly get     vary: 'Accept-Encoding',
23 silly get     'cf-cache-status': 'HIT',
23 silly get     'cf-request-id': '03a3be5b3700009c5153169200000001',
23 silly get     'expect-ct': 'max-age=604800, report-uri="https://report-uri.cloudflare.com/cdn-cgi/beacon/expect-ct"',
23 silly get     server: 'cloudflare' } ]
24 verbose etag https://registry.npmjs.org/yarn from cache
25 verbose get saving yarn to /root/.npm/registry.npmjs.org/yarn/.cache.json
26 verbose correctMkdir /root/.npm correctMkdir not in flight; initializing
27 silly install normalizeTree
28 silly loadCurrentTree Finishing
29 silly loadIdealTree Starting
30 silly install loadIdealTree
31 silly cloneCurrentTree Starting
32 silly install cloneCurrentTreeToIdealTree
33 silly cloneCurrentTree Finishing
34 silly loadShrinkwrap Starting
35 silly install loadShrinkwrap
36 silly loadShrinkwrap Finishing
37 silly loadAllDepsIntoIdealTree Starting
38 silly install loadAllDepsIntoIdealTree
39 silly resolveWithNewModule yarn@1.22.4 checking installable status
40 silly cache add args [ 'yarn', null ]
41 verbose cache add spec yarn
42 silly cache add parsed spec Result {
42 silly cache add   raw: 'yarn',
42 silly cache add   scope: null,
42 silly cache add   escapedName: 'yarn',
42 silly cache add   name: 'yarn',
42 silly cache add   rawSpec: '',
42 silly cache add   spec: 'latest',
42 silly cache add   type: 'tag' }
43 silly addNamed yarn@latest
44 verbose addNamed "latest" is being treated as a dist-tag for yarn
45 info addNameTag [ 'yarn', 'latest' ]
46 silly mapToRegistry name yarn
47 silly mapToRegistry using default registry
48 silly mapToRegistry registry https://registry.npmjs.org/
49 silly mapToRegistry data Result {
49 silly mapToRegistry   raw: 'yarn',
49 silly mapToRegistry   scope: null,
49 silly mapToRegistry   escapedName: 'yarn',
49 silly mapToRegistry   name: 'yarn',
49 silly mapToRegistry   rawSpec: '',
49 silly mapToRegistry   spec: 'latest',
49 silly mapToRegistry   type: 'tag' }
50 silly mapToRegistry uri https://registry.npmjs.org/yarn
51 verbose addNameTag registry:https://registry.npmjs.org/yarn not in flight; fetching
52 verbose request uri https://registry.npmjs.org/yarn
53 verbose request no auth needed
54 info attempt registry request try #1 at 12:14:23 AM
55 verbose etag W/"c0a433191929f8e6dbb72cdbfa4931f0"
56 verbose lastModified Mon, 09 Mar 2020 16:21:11 GMT
57 http request GET https://registry.npmjs.org/yarn
58 http 304 https://registry.npmjs.org/yarn
59 verbose headers { date: 'Mon, 29 Jun 2020 22:14:23 GMT',
59 verbose headers   connection: 'keep-alive',
59 verbose headers   'set-cookie': [ '__cfduid=db9044eaf028c21ed6e7e9dafed9673191593468863; expires=Wed, 29-Jul-20 22:14:23 GMT; path=/; domain=.npmjs.org; HttpOnly; SameSite=Lax' ],
59 verbose headers   'cf-ray': '5ab3000cadec9c51-AMS',
59 verbose headers   age: '5630',
59 verbose headers   'cache-control': 'public, max-age=300',
59 verbose headers   etag: '"c0a433191929f8e6dbb72cdbfa4931f0"',
59 verbose headers   'last-modified': 'Mon, 09 Mar 2020 16:21:11 GMT',
59 verbose headers   vary: 'Accept-Encoding',
59 verbose headers   'cf-cache-status': 'HIT',
59 verbose headers   'cf-request-id': '03a3be5be700009c515316b200000001',
59 verbose headers   'expect-ct': 'max-age=604800, report-uri="https://report-uri.cloudflare.com/cdn-cgi/beacon/expect-ct"',
59 verbose headers   server: 'cloudflare' }
60 silly get cb [ 304,
60 silly get   { date: 'Mon, 29 Jun 2020 22:14:23 GMT',
60 silly get     connection: 'keep-alive',
60 silly get     'set-cookie': [ '__cfduid=db9044eaf028c21ed6e7e9dafed9673191593468863; expires=Wed, 29-Jul-20 22:14:23 GMT; path=/; domain=.npmjs.org; HttpOnly; SameSite=Lax' ],
60 silly get     'cf-ray': '5ab3000cadec9c51-AMS',
60 silly get     age: '5630',
60 silly get     'cache-control': 'public, max-age=300',
60 silly get     etag: '"c0a433191929f8e6dbb72cdbfa4931f0"',
60 silly get     'last-modified': 'Mon, 09 Mar 2020 16:21:11 GMT',
60 silly get     vary: 'Accept-Encoding',
60 silly get     'cf-cache-status': 'HIT',
60 silly get     'cf-request-id': '03a3be5be700009c515316b200000001',
60 silly get     'expect-ct': 'max-age=604800, report-uri="https://report-uri.cloudflare.com/cdn-cgi/beacon/expect-ct"',
60 silly get     server: 'cloudflare' } ]
61 verbose etag https://registry.npmjs.org/yarn from cache
62 verbose get saving yarn to /root/.npm/registry.npmjs.org/yarn/.cache.json
63 verbose correctMkdir /root/.npm correctMkdir not in flight; initializing
64 silly addNameTag next cb for yarn with tag latest
65 silly addNamed yarn@1.22.4
66 verbose addNamed "1.22.4" is a plain semver version for yarn
67 silly cache afterAdd yarn@1.22.4
68 verbose afterAdd /root/.npm/yarn/1.22.4/package/package.json not in flight; writing
69 verbose correctMkdir /root/.npm correctMkdir not in flight; initializing
70 silly loadAllDepsIntoIdealTree Finishing
71 silly loadIdealTree Finishing
72 silly currentTree lib
72 silly currentTree └── yarn@1.22.4
73 silly idealTree lib
73 silly idealTree └── yarn@1.22.4
74 silly generateActionsToTake Starting
75 silly install generateActionsToTake
76 silly generateActionsToTake Finishing
77 silly diffTrees action count 1
78 silly diffTrees update yarn@1.22.4
79 silly decomposeActions action count 9
80 silly decomposeActions remove yarn@1.22.4
81 silly decomposeActions fetch yarn@1.22.4
82 silly decomposeActions extract yarn@1.22.4
83 silly decomposeActions test yarn@1.22.4
84 silly decomposeActions preinstall yarn@1.22.4
85 silly decomposeActions build yarn@1.22.4
86 silly decomposeActions install yarn@1.22.4
87 silly decomposeActions postinstall yarn@1.22.4
88 silly decomposeActions finalize yarn@1.22.4
89 silly runTopLevelLifecycles Starting
90 silly executeActions Starting
91 silly install executeActions
92 silly doSerial global-install 0
93 silly doParallel fetch 1
94 verbose correctMkdir /root/.npm/_locks correctMkdir not in flight; initializing
95 warn locking Error: ENOSPC: no space left on device, open '/root/.npm/_locks/staging-a072192f34a17023.lock'
95 warn locking     at Error (native)
95 warn locking  /root/.npm/_locks/staging-a072192f34a17023.lock failed { Error: ENOSPC: no space left on device, open '/root/.npm/_locks/staging-a072192f34a17023.lock'
95 warn locking     at Error (native)
95 warn locking   errno: -28,
95 warn locking   code: 'ENOSPC',
95 warn locking   syscall: 'open',
95 warn locking   path: '/root/.npm/_locks/staging-a072192f34a17023.lock' }
96 silly rollbackFailedOptional Starting
97 silly rollbackFailedOptional Finishing
98 silly runTopLevelLifecycles Finishing
99 silly install printInstalled
100 verbose stack Error: ENOSPC: no space left on device, open '/root/.npm/_locks/staging-a072192f34a17023.lock'
100 verbose stack     at Error (native)
101 verbose cwd /home/nico/Shared/PhpstormProjects/Metube
102 error Linux 3.10.0-1127.13.1.el7.x86_64
103 error argv "/usr/bin/node" "/bin/npm" "install" "-g" "yarn"
104 error node v6.17.1
105 error npm  v3.10.10
106 error path /root/.npm/_locks/staging-a072192f34a17023.lock
107 error code ENOSPC
108 error errno -28
109 error syscall open
110 error nospc ENOSPC: no space left on device, open '/root/.npm/_locks/staging-a072192f34a17023.lock'
111 error nospc This is most likely not a problem with npm itself
111 error nospc and is related to insufficient space on your system.
112 verbose exit [ -28, true ]
